<?xml version="1.0" encoding="UTF-8"?>
<testng-results ignored="0" total="3" passed="1" failed="2" skipped="0">
  <reporter-output>
    <line>
      <![CDATA[Save Image File Path : /Users/natyagupta/Documents/Mobile Framework Boilerplate//target/Screenshots/com.testbook.mobile.tests.login.TestBookMobileLoginTest/2023_12_27_12_35_pm/screenshot.png]]>
    </line>
    <line>
      <![CDATA[<a href='/Users/natyagupta/Documents/Mobile Framework Boilerplate/target/Screenshots/com.testbook.mobile.tests.login.TestBookMobileLoginTest/2023_12_27_12_35_pm/screenshot.png'> <img src='/Users/natyagupta/Documents/Mobile Framework Boilerplate/target/Screenshots/com.testbook.mobile.tests.login.TestBookMobileLoginTest/2023_12_27_12_35_pm/screenshot.png' height='100' width='100'/> </a>]]>
    </line>
    <line>
      <![CDATA[Save Image File Path : /Users/natyagupta/Documents/Mobile Framework Boilerplate//target/Screenshots/com.testbook.mobile.tests.login.TestBookMobileLoginTest/2023_12_27_12_37_pm/screenshot.png]]>
    </line>
    <line>
      <![CDATA[<a href='/Users/natyagupta/Documents/Mobile Framework Boilerplate/target/Screenshots/com.testbook.mobile.tests.login.TestBookMobileLoginTest/2023_12_27_12_37_pm/screenshot.png'> <img src='/Users/natyagupta/Documents/Mobile Framework Boilerplate/target/Screenshots/com.testbook.mobile.tests.login.TestBookMobileLoginTest/2023_12_27_12_37_pm/screenshot.png' height='100' width='100'/> </a>]]>
    </line>
  </reporter-output>
  <suite started-at="2023-12-27T12:35:19 IST" name="automation-classplus-wl-mobile" finished-at="2023-12-27T12:37:15 IST" duration-ms="115743">
    <groups>
    </groups>
    <test started-at="2023-12-27T12:35:19 IST" name="classplus WL automation" finished-at="2023-12-27T12:37:15 IST" duration-ms="115743">
      <class name="com.testbook.mobile.tests.login.TestBookMobileLoginTest">
        <test-method is-config="true" signature="initAutomation(java.lang.String)[pri:0, instance:com.testbook.mobile.tests.login.TestBookMobileLoginTest@34645867]" started-at="2023-12-27T12:35:19 IST" name="initAutomation" finished-at="2023-12-27T12:35:19 IST" duration-ms="21" status="PASS">
          <params>
            <param index="0">
              <value>
                <![CDATA[en]]>
              </value>
            </param>
          </params>
          <reporter-output>
          </reporter-output>
        </test-method> <!-- initAutomation -->
        <test-method is-config="true" signature="initClass(java.lang.String, java.lang.String, java.lang.String, java.lang.String, java.lang.String, java.lang.String, java.lang.String, java.lang.String)[pri:0, instance:com.testbook.mobile.tests.login.TestBookMobileLoginTest@34645867]" started-at="2023-12-27T12:35:19 IST" name="initClass" finished-at="2023-12-27T12:35:40 IST" duration-ms="20784" status="PASS">
          <params>
            <param index="0">
              <value>
                <![CDATA[Galaxy]]>
              </value>
            </param>
            <param index="1">
              <value>
                <![CDATA[RZ8W804C6ZR]]>
              </value>
            </param>
            <param index="2">
              <value>
                <![CDATA[Android]]>
              </value>
            </param>
            <param index="3">
              <value>
                <![CDATA[13]]>
              </value>
            </param>
            <param index="4">
              <value>
                <![CDATA[local]]>
              </value>
            </param>
            <param index="5">
              <value>
                <![CDATA[6746f86b-0d3b-4746-a042-5e9d2beeeeac]]>
              </value>
            </param>
            <param index="6">
              <value>
                <![CDATA[chrome]]>
              </value>
            </param>
            <param index="7">
              <value>
                <![CDATA[1234]]>
              </value>
            </param>
          </params>
          <reporter-output>
          </reporter-output>
        </test-method> <!-- initClass -->
        <test-method signature="testChangeEnvironment()[pri:1, instance:com.testbook.mobile.tests.login.TestBookMobileLoginTest@34645867]" started-at="2023-12-27T12:35:40 IST" name="testChangeEnvironment" description="Verify Change Environment in CLP-Staging" finished-at="2023-12-27T12:35:43 IST" duration-ms="3385" status="FAIL">
          <exception class="java.lang.AssertionError">
            <message>
              <![CDATA[Exception occured while testing  Change Environment : An element could not be located on the page using the given search parameters.
For documentation on this error, please visit: https://www.seleniumhq.org/exceptions/no_such_element.html
Build info: version: '3.141.59', revision: 'e82be7d358', time: '2018-11-14T08:17:03'
System info: host: 'MacBook-Pro-3.local', ip: 'fe80:0:0:0:cfa:10ef:7680:2599%en0', os.name: 'Mac OS X', os.arch: 'aarch64', os.version: '12.7', java.version: '17.0.2'
Driver info: io.appium.java_client.AppiumDriver
Capabilities {appActivity: co.classplus.app.ui.common...., appPackage: co.classplus.app.test, autoAcceptAlerts: true, autoGrantPermissions: true, clientApiKey: 6746f86b-0d3b-4746-a042-5e9..., databaseEnabled: false, desired: {appActivity: co.classplus.app.ui.common...., appPackage: co.classplus.app.test, autoAcceptAlerts: true, autoGrantPermissions: true, clientApiKey: 6746f86b-0d3b-4746-a042-5e9..., deviceName: Galaxy, ignoreHiddenApiPolicyError: true, newCommandTimeout: 15000, platformName: android, platformVersion: 13, udid: RZ8W804C6ZR}, deviceApiLevel: 33, deviceManufacturer: samsung, deviceModel: SM-M135FU, deviceName: RZ8W804C6ZR, deviceScreenDensity: 450, deviceScreenSize: 1080x2408, deviceUDID: RZ8W804C6ZR, ignoreHiddenApiPolicyError: true, javascriptEnabled: true, locationContextEnabled: false, networkConnectionEnabled: true, newCommandTimeout: 15000, pixelRatio: 2.8125, platform: LINUX, platformName: Android, platformVersion: 13, statBarHeight: 66, takesScreenshot: true, udid: RZ8W804C6ZR, viewportRect: {height: 2141, left: 0, top: 66, width: 1080}, warnings: {}, webStorageEnabled: false}
Session ID: ad94828f-13ad-4c17-a58b-18208f2f27e4
*** Element info: {Using=id, value=bt_change_env}]]>
            </message>
            <full-stacktrace>
              <![CDATA[java.lang.AssertionError: Exception occured while testing  Change Environment : An element could not be located on the page using the given search parameters.
For documentation on this error, please visit: https://www.seleniumhq.org/exceptions/no_such_element.html
Build info: version: '3.141.59', revision: 'e82be7d358', time: '2018-11-14T08:17:03'
System info: host: 'MacBook-Pro-3.local', ip: 'fe80:0:0:0:cfa:10ef:7680:2599%en0', os.name: 'Mac OS X', os.arch: 'aarch64', os.version: '12.7', java.version: '17.0.2'
Driver info: io.appium.java_client.AppiumDriver
Capabilities {appActivity: co.classplus.app.ui.common...., appPackage: co.classplus.app.test, autoAcceptAlerts: true, autoGrantPermissions: true, clientApiKey: 6746f86b-0d3b-4746-a042-5e9..., databaseEnabled: false, desired: {appActivity: co.classplus.app.ui.common...., appPackage: co.classplus.app.test, autoAcceptAlerts: true, autoGrantPermissions: true, clientApiKey: 6746f86b-0d3b-4746-a042-5e9..., deviceName: Galaxy, ignoreHiddenApiPolicyError: true, newCommandTimeout: 15000, platformName: android, platformVersion: 13, udid: RZ8W804C6ZR}, deviceApiLevel: 33, deviceManufacturer: samsung, deviceModel: SM-M135FU, deviceName: RZ8W804C6ZR, deviceScreenDensity: 450, deviceScreenSize: 1080x2408, deviceUDID: RZ8W804C6ZR, ignoreHiddenApiPolicyError: true, javascriptEnabled: true, locationContextEnabled: false, networkConnectionEnabled: true, newCommandTimeout: 15000, pixelRatio: 2.8125, platform: LINUX, platformName: Android, platformVersion: 13, statBarHeight: 66, takesScreenshot: true, udid: RZ8W804C6ZR, viewportRect: {height: 2141, left: 0, top: 66, width: 1080}, warnings: {}, webStorageEnabled: false}
Session ID: ad94828f-13ad-4c17-a58b-18208f2f27e4
*** Element info: {Using=id, value=bt_change_env}
at org.testng.Assert.fail(Assert.java:99)
at com.testbook.mobile.tests.login.TestBookMobileLoginTest.testChangeEnvironment(TestBookMobileLoginTest.java:71)
at java.base/jdk.internal.reflect.NativeMethodAccessorImpl.invoke0(Native Method)
at java.base/jdk.internal.reflect.NativeMethodAccessorImpl.invoke(NativeMethodAccessorImpl.java:77)
at java.base/jdk.internal.reflect.DelegatingMethodAccessorImpl.invoke(DelegatingMethodAccessorImpl.java:43)
at java.base/java.lang.reflect.Method.invoke(Method.java:568)
at org.testng.internal.MethodInvocationHelper.invokeMethod(MethodInvocationHelper.java:132)
at org.testng.internal.TestInvoker.invokeMethod(TestInvoker.java:599)
at org.testng.internal.TestInvoker.invokeTestMethod(TestInvoker.java:174)
at org.testng.internal.MethodRunner.runInSequence(MethodRunner.java:46)
at org.testng.internal.TestInvoker$MethodInvocationAgent.invoke(TestInvoker.java:822)
at org.testng.internal.TestInvoker.invokeTestMethods(TestInvoker.java:147)
at org.testng.internal.TestMethodWorker.invokeTestMethods(TestMethodWorker.java:146)
at org.testng.internal.TestMethodWorker.run(TestMethodWorker.java:128)
at java.base/java.util.ArrayList.forEach(ArrayList.java:1511)
at org.testng.TestRunner.privateRun(TestRunner.java:764)
at org.testng.TestRunner.run(TestRunner.java:585)
at org.testng.SuiteRunner.runTest(SuiteRunner.java:384)
at org.testng.SuiteRunner.runSequentially(SuiteRunner.java:378)
at org.testng.SuiteRunner.privateRun(SuiteRunner.java:337)
at org.testng.SuiteRunner.run(SuiteRunner.java:286)
at org.testng.SuiteRunnerWorker.runSuite(SuiteRunnerWorker.java:53)
at org.testng.SuiteRunnerWorker.run(SuiteRunnerWorker.java:96)
at org.testng.TestNG.runSuitesSequentially(TestNG.java:1218)
at org.testng.TestNG.runSuitesLocally(TestNG.java:1140)
at org.testng.TestNG.runSuites(TestNG.java:1069)
at org.testng.TestNG.run(TestNG.java:1037)
at org.testng.remote.AbstractRemoteTestNG.run(AbstractRemoteTestNG.java:115)
at org.testng.remote.RemoteTestNG.initAndRun(RemoteTestNG.java:251)
at org.testng.remote.RemoteTestNG.main(RemoteTestNG.java:77)
]]>
            </full-stacktrace>
          </exception> <!-- java.lang.AssertionError -->
          <reporter-output>
          </reporter-output>
        </test-method> <!-- testChangeEnvironment -->
        <test-method is-config="true" signature="take_screenshot_on_failure(org.testng.ITestResult, java.lang.String)[pri:0, instance:com.testbook.mobile.tests.login.TestBookMobileLoginTest@34645867]" started-at="2023-12-27T12:35:45 IST" name="take_screenshot_on_failure" finished-at="2023-12-27T12:35:47 IST" duration-ms="1474" status="PASS">
          <params>
            <param index="0">
              <value>
                <![CDATA[[TestResult name=testChangeEnvironment status=FAILURE method=TestBookMobileLoginTest.testChangeEnvironment()[pri:1, instance:com.testbook.mobile.tests.login.TestBookMobileLoginTest@34645867] output={null}]]]>
              </value>
            </param>
            <param index="1">
              <value>
                <![CDATA[RZ8W804C6ZR]]>
              </value>
            </param>
          </params>
          <reporter-output>
            <line>
              <![CDATA[Save Image File Path : /Users/natyagupta/Documents/Mobile Framework Boilerplate//target/Screenshots/com.testbook.mobile.tests.login.TestBookMobileLoginTest/2023_12_27_12_35_pm/screenshot.png]]>
            </line>
            <line>
              <![CDATA[<a href='/Users/natyagupta/Documents/Mobile Framework Boilerplate/target/Screenshots/com.testbook.mobile.tests.login.TestBookMobileLoginTest/2023_12_27_12_35_pm/screenshot.png'> <img src='/Users/natyagupta/Documents/Mobile Framework Boilerplate/target/Screenshots/com.testbook.mobile.tests.login.TestBookMobileLoginTest/2023_12_27_12_35_pm/screenshot.png' height='100' width='100'/> </a>]]>
            </line>
          </reporter-output>
        </test-method> <!-- take_screenshot_on_failure -->
        <test-method signature="testLoginWithValidNumber()[pri:2, instance:com.testbook.mobile.tests.login.TestBookMobileLoginTest@34645867]" started-at="2023-12-27T12:35:47 IST" name="testLoginWithValidNumber" description=" Verify Login With Valid Number in Login or SignUp Page" finished-at="2023-12-27T12:36:20 IST" duration-ms="33370" status="PASS">
          <reporter-output>
          </reporter-output>
        </test-method> <!-- testLoginWithValidNumber -->
        <test-method is-config="true" signature="take_screenshot_on_failure(org.testng.ITestResult, java.lang.String)[pri:0, instance:com.testbook.mobile.tests.login.TestBookMobileLoginTest@34645867]" started-at="2023-12-27T12:36:20 IST" name="take_screenshot_on_failure" finished-at="2023-12-27T12:36:20 IST" duration-ms="1" status="PASS">
          <params>
            <param index="0">
              <value>
                <![CDATA[[TestResult name=testLoginWithValidNumber status=SUCCESS method=TestBookMobileLoginTest.testLoginWithValidNumber()[pri:2, instance:com.testbook.mobile.tests.login.TestBookMobileLoginTest@34645867] output={null}]]]>
              </value>
            </param>
            <param index="1">
              <value>
                <![CDATA[RZ8W804C6ZR]]>
              </value>
            </param>
          </params>
          <reporter-output>
          </reporter-output>
        </test-method> <!-- take_screenshot_on_failure -->
        <test-method signature="testVerifyOTP()[pri:3, instance:com.testbook.mobile.tests.login.TestBookMobileLoginTest@34645867]" started-at="2023-12-27T12:36:20 IST" name="testVerifyOTP" description="Verify OTP" finished-at="2023-12-27T12:37:11 IST" duration-ms="50952" status="FAIL">
          <exception class="java.lang.AssertionError">
            <message>
              <![CDATA[Exception occured while testing Verify OTP : An element could not be located on the page using the given search parameters.
For documentation on this error, please visit: https://www.seleniumhq.org/exceptions/no_such_element.html
Build info: version: '3.141.59', revision: 'e82be7d358', time: '2018-11-14T08:17:03'
System info: host: 'MacBook-Pro-3.local', ip: 'fe80:0:0:0:cfa:10ef:7680:2599%en0', os.name: 'Mac OS X', os.arch: 'aarch64', os.version: '12.7', java.version: '17.0.2'
Driver info: io.appium.java_client.AppiumDriver
Capabilities {appActivity: co.classplus.app.ui.common...., appPackage: co.classplus.app.test, autoAcceptAlerts: true, autoGrantPermissions: true, clientApiKey: 6746f86b-0d3b-4746-a042-5e9..., databaseEnabled: false, desired: {appActivity: co.classplus.app.ui.common...., appPackage: co.classplus.app.test, autoAcceptAlerts: true, autoGrantPermissions: true, clientApiKey: 6746f86b-0d3b-4746-a042-5e9..., deviceName: Galaxy, ignoreHiddenApiPolicyError: true, newCommandTimeout: 15000, platformName: android, platformVersion: 13, udid: RZ8W804C6ZR}, deviceApiLevel: 33, deviceManufacturer: samsung, deviceModel: SM-M135FU, deviceName: RZ8W804C6ZR, deviceScreenDensity: 450, deviceScreenSize: 1080x2408, deviceUDID: RZ8W804C6ZR, ignoreHiddenApiPolicyError: true, javascriptEnabled: true, locationContextEnabled: false, networkConnectionEnabled: true, newCommandTimeout: 15000, pixelRatio: 2.8125, platform: LINUX, platformName: Android, platformVersion: 13, statBarHeight: 66, takesScreenshot: true, udid: RZ8W804C6ZR, viewportRect: {height: 2141, left: 0, top: 66, width: 1080}, warnings: {}, webStorageEnabled: false}
Session ID: ad94828f-13ad-4c17-a58b-18208f2f27e4
*** Element info: {Using=xpath, value=//android.widget.TextView[@text = 'Classplus']}]]>
            </message>
            <full-stacktrace>
              <![CDATA[java.lang.AssertionError: Exception occured while testing Verify OTP : An element could not be located on the page using the given search parameters.
For documentation on this error, please visit: https://www.seleniumhq.org/exceptions/no_such_element.html
Build info: version: '3.141.59', revision: 'e82be7d358', time: '2018-11-14T08:17:03'
System info: host: 'MacBook-Pro-3.local', ip: 'fe80:0:0:0:cfa:10ef:7680:2599%en0', os.name: 'Mac OS X', os.arch: 'aarch64', os.version: '12.7', java.version: '17.0.2'
Driver info: io.appium.java_client.AppiumDriver
Capabilities {appActivity: co.classplus.app.ui.common...., appPackage: co.classplus.app.test, autoAcceptAlerts: true, autoGrantPermissions: true, clientApiKey: 6746f86b-0d3b-4746-a042-5e9..., databaseEnabled: false, desired: {appActivity: co.classplus.app.ui.common...., appPackage: co.classplus.app.test, autoAcceptAlerts: true, autoGrantPermissions: true, clientApiKey: 6746f86b-0d3b-4746-a042-5e9..., deviceName: Galaxy, ignoreHiddenApiPolicyError: true, newCommandTimeout: 15000, platformName: android, platformVersion: 13, udid: RZ8W804C6ZR}, deviceApiLevel: 33, deviceManufacturer: samsung, deviceModel: SM-M135FU, deviceName: RZ8W804C6ZR, deviceScreenDensity: 450, deviceScreenSize: 1080x2408, deviceUDID: RZ8W804C6ZR, ignoreHiddenApiPolicyError: true, javascriptEnabled: true, locationContextEnabled: false, networkConnectionEnabled: true, newCommandTimeout: 15000, pixelRatio: 2.8125, platform: LINUX, platformName: Android, platformVersion: 13, statBarHeight: 66, takesScreenshot: true, udid: RZ8W804C6ZR, viewportRect: {height: 2141, left: 0, top: 66, width: 1080}, warnings: {}, webStorageEnabled: false}
Session ID: ad94828f-13ad-4c17-a58b-18208f2f27e4
*** Element info: {Using=xpath, value=//android.widget.TextView[@text = 'Classplus']}
at org.testng.Assert.fail(Assert.java:99)
at com.testbook.mobile.tests.login.TestBookMobileLoginTest.testVerifyOTP(TestBookMobileLoginTest.java:123)
at java.base/jdk.internal.reflect.NativeMethodAccessorImpl.invoke0(Native Method)
at java.base/jdk.internal.reflect.NativeMethodAccessorImpl.invoke(NativeMethodAccessorImpl.java:77)
at java.base/jdk.internal.reflect.DelegatingMethodAccessorImpl.invoke(DelegatingMethodAccessorImpl.java:43)
at java.base/java.lang.reflect.Method.invoke(Method.java:568)
at org.testng.internal.MethodInvocationHelper.invokeMethod(MethodInvocationHelper.java:132)
at org.testng.internal.TestInvoker.invokeMethod(TestInvoker.java:599)
at org.testng.internal.TestInvoker.invokeTestMethod(TestInvoker.java:174)
at org.testng.internal.MethodRunner.runInSequence(MethodRunner.java:46)
at org.testng.internal.TestInvoker$MethodInvocationAgent.invoke(TestInvoker.java:822)
at org.testng.internal.TestInvoker.invokeTestMethods(TestInvoker.java:147)
at org.testng.internal.TestMethodWorker.invokeTestMethods(TestMethodWorker.java:146)
at org.testng.internal.TestMethodWorker.run(TestMethodWorker.java:128)
at java.base/java.util.ArrayList.forEach(ArrayList.java:1511)
at org.testng.TestRunner.privateRun(TestRunner.java:764)
at org.testng.TestRunner.run(TestRunner.java:585)
at org.testng.SuiteRunner.runTest(SuiteRunner.java:384)
at org.testng.SuiteRunner.runSequentially(SuiteRunner.java:378)
at org.testng.SuiteRunner.privateRun(SuiteRunner.java:337)
at org.testng.SuiteRunner.run(SuiteRunner.java:286)
at org.testng.SuiteRunnerWorker.runSuite(SuiteRunnerWorker.java:53)
at org.testng.SuiteRunnerWorker.run(SuiteRunnerWorker.java:96)
at org.testng.TestNG.runSuitesSequentially(TestNG.java:1218)
at org.testng.TestNG.runSuitesLocally(TestNG.java:1140)
at org.testng.TestNG.runSuites(TestNG.java:1069)
at org.testng.TestNG.run(TestNG.java:1037)
at org.testng.remote.AbstractRemoteTestNG.run(AbstractRemoteTestNG.java:115)
at org.testng.remote.RemoteTestNG.initAndRun(RemoteTestNG.java:251)
at org.testng.remote.RemoteTestNG.main(RemoteTestNG.java:77)
]]>
            </full-stacktrace>
          </exception> <!-- java.lang.AssertionError -->
          <reporter-output>
          </reporter-output>
        </test-method> <!-- testVerifyOTP -->
        <test-method is-config="true" signature="take_screenshot_on_failure(org.testng.ITestResult, java.lang.String)[pri:0, instance:com.testbook.mobile.tests.login.TestBookMobileLoginTest@34645867]" started-at="2023-12-27T12:37:13 IST" name="take_screenshot_on_failure" finished-at="2023-12-27T12:37:14 IST" duration-ms="1460" status="PASS">
          <params>
            <param index="0">
              <value>
                <![CDATA[[TestResult name=testVerifyOTP status=FAILURE method=TestBookMobileLoginTest.testVerifyOTP()[pri:3, instance:com.testbook.mobile.tests.login.TestBookMobileLoginTest@34645867] output={null}]]]>
              </value>
            </param>
            <param index="1">
              <value>
                <![CDATA[RZ8W804C6ZR]]>
              </value>
            </param>
          </params>
          <reporter-output>
            <line>
              <![CDATA[Save Image File Path : /Users/natyagupta/Documents/Mobile Framework Boilerplate//target/Screenshots/com.testbook.mobile.tests.login.TestBookMobileLoginTest/2023_12_27_12_37_pm/screenshot.png]]>
            </line>
            <line>
              <![CDATA[<a href='/Users/natyagupta/Documents/Mobile Framework Boilerplate/target/Screenshots/com.testbook.mobile.tests.login.TestBookMobileLoginTest/2023_12_27_12_37_pm/screenshot.png'> <img src='/Users/natyagupta/Documents/Mobile Framework Boilerplate/target/Screenshots/com.testbook.mobile.tests.login.TestBookMobileLoginTest/2023_12_27_12_37_pm/screenshot.png' height='100' width='100'/> </a>]]>
            </line>
          </reporter-output>
        </test-method> <!-- take_screenshot_on_failure -->
        <test-method is-config="true" signature="quitDriver(java.lang.String)[pri:0, instance:com.testbook.mobile.tests.login.TestBookMobileLoginTest@34645867]" started-at="2023-12-27T12:37:14 IST" name="quitDriver" finished-at="2023-12-27T12:37:15 IST" duration-ms="577" status="PASS">
          <params>
            <param index="0">
              <value>
                <![CDATA[RZ8W804C6ZR]]>
              </value>
            </param>
          </params>
          <reporter-output>
          </reporter-output>
        </test-method> <!-- quitDriver -->
      </class> <!-- com.testbook.mobile.tests.login.TestBookMobileLoginTest -->
    </test> <!-- classplus WL automation -->
  </suite> <!-- automation-classplus-wl-mobile -->
</testng-results>
