<?xml version="1.0" encoding="UTF-8"?>
<!-- Generated by org.testng.reporters.JUnitReportReporter -->
<testsuite hostname="MacBook-Pro-3.local" failures="2" tests="3" name="com.testbook.mobile.tests.login.TestBookMobileLoginTest" time="90.642" errors="0" timestamp="2023-12-27T12:37:15 IST" skipped="0">
  <testcase classname="com.testbook.mobile.tests.login.TestBookMobileLoginTest" name="testChangeEnvironment" time="4.859">
    <failure message="Exception occured while testing  Change Environment : An element could not be located on the page using the given search parameters.
For documentation on this error, please visit: https://www.seleniumhq.org/exceptions/no_such_element.html
Build info: version: &#039;3.141.59&#039;, revision: &#039;e82be7d358&#039;, time: &#039;2018-11-14T08:17:03&#039;
System info: host: &#039;MacBook-Pro-3.local&#039;, ip: &#039;fe80:0:0:0:cfa:10ef:7680:2599%en0&#039;, os.name: &#039;Mac OS X&#039;, os.arch: &#039;aarch64&#039;, os.version: &#039;12.7&#039;, java.version: &#039;17.0.2&#039;
Driver info: io.appium.java_client.AppiumDriver
Capabilities {appActivity: co.classplus.app.ui.common...., appPackage: co.classplus.app.test, autoAcceptAlerts: true, autoGrantPermissions: true, clientApiKey: 6746f86b-0d3b-4746-a042-5e9..., databaseEnabled: false, desired: {appActivity: co.classplus.app.ui.common...., appPackage: co.classplus.app.test, autoAcceptAlerts: true, autoGrantPermissions: true, clientApiKey: 6746f86b-0d3b-4746-a042-5e9..., deviceName: Galaxy, ignoreHiddenApiPolicyError: true, newCommandTimeout: 15000, platformName: android, platformVersion: 13, udid: RZ8W804C6ZR}, deviceApiLevel: 33, deviceManufacturer: samsung, deviceModel: SM-M135FU, deviceName: RZ8W804C6ZR, deviceScreenDensity: 450, deviceScreenSize: 1080x2408, deviceUDID: RZ8W804C6ZR, ignoreHiddenApiPolicyError: true, javascriptEnabled: true, locationContextEnabled: false, networkConnectionEnabled: true, newCommandTimeout: 15000, pixelRatio: 2.8125, platform: LINUX, platformName: Android, platformVersion: 13, statBarHeight: 66, takesScreenshot: true, udid: RZ8W804C6ZR, viewportRect: {height: 2141, left: 0, top: 66, width: 1080}, warnings: {}, webStorageEnabled: false}
Session ID: ad94828f-13ad-4c17-a58b-18208f2f27e4
*** Element info: {Using=id, value=bt_change_env}" type="java.lang.AssertionError">
      <![CDATA[java.lang.AssertionError: Exception occured while testing  Change Environment : An element could not be located on the page using the given search parameters.
For documentation on this error, please visit: https://www.seleniumhq.org/exceptions/no_such_element.html
Build info: version: '3.141.59', revision: 'e82be7d358', time: '2018-11-14T08:17:03'
System info: host: 'MacBook-Pro-3.local', ip: 'fe80:0:0:0:cfa:10ef:7680:2599%en0', os.name: 'Mac OS X', os.arch: 'aarch64', os.version: '12.7', java.version: '17.0.2'
Driver info: io.appium.java_client.AppiumDriver
Capabilities {appActivity: co.classplus.app.ui.common...., appPackage: co.classplus.app.test, autoAcceptAlerts: true, autoGrantPermissions: true, clientApiKey: 6746f86b-0d3b-4746-a042-5e9..., databaseEnabled: false, desired: {appActivity: co.classplus.app.ui.common...., appPackage: co.classplus.app.test, autoAcceptAlerts: true, autoGrantPermissions: true, clientApiKey: 6746f86b-0d3b-4746-a042-5e9..., deviceName: Galaxy, ignoreHiddenApiPolicyError: true, newCommandTimeout: 15000, platformName: android, platformVersion: 13, udid: RZ8W804C6ZR}, deviceApiLevel: 33, deviceManufacturer: samsung, deviceModel: SM-M135FU, deviceName: RZ8W804C6ZR, deviceScreenDensity: 450, deviceScreenSize: 1080x2408, deviceUDID: RZ8W804C6ZR, ignoreHiddenApiPolicyError: true, javascriptEnabled: true, locationContextEnabled: false, networkConnectionEnabled: true, newCommandTimeout: 15000, pixelRatio: 2.8125, platform: LINUX, platformName: Android, platformVersion: 13, statBarHeight: 66, takesScreenshot: true, udid: RZ8W804C6ZR, viewportRect: {height: 2141, left: 0, top: 66, width: 1080}, warnings: {}, webStorageEnabled: false}
Session ID: ad94828f-13ad-4c17-a58b-18208f2f27e4
*** Element info: {Using=id, value=bt_change_env}
at org.testng.Assert.fail(Assert.java:99)
at com.testbook.mobile.tests.login.TestBookMobileLoginTest.testChangeEnvironment(TestBookMobileLoginTest.java:71)
at java.base/jdk.internal.reflect.NativeMethodAccessorImpl.invoke0(Native Method)
at java.base/jdk.internal.reflect.NativeMethodAccessorImpl.invoke(NativeMethodAccessorImpl.java:77)
at java.base/jdk.internal.reflect.DelegatingMethodAccessorImpl.invoke(DelegatingMethodAccessorImpl.java:43)
at java.base/java.lang.reflect.Method.invoke(Method.java:568)
at org.testng.internal.MethodInvocationHelper.invokeMethod(MethodInvocationHelper.java:132)
at org.testng.internal.TestInvoker.invokeMethod(TestInvoker.java:599)
at org.testng.internal.TestInvoker.invokeTestMethod(TestInvoker.java:174)
at org.testng.internal.MethodRunner.runInSequence(MethodRunner.java:46)
at org.testng.internal.TestInvoker$MethodInvocationAgent.invoke(TestInvoker.java:822)
at org.testng.internal.TestInvoker.invokeTestMethods(TestInvoker.java:147)
at org.testng.internal.TestMethodWorker.invokeTestMethods(TestMethodWorker.java:146)
at org.testng.internal.TestMethodWorker.run(TestMethodWorker.java:128)
at java.base/java.util.ArrayList.forEach(ArrayList.java:1511)
at org.testng.TestRunner.privateRun(TestRunner.java:764)
at org.testng.TestRunner.run(TestRunner.java:585)
at org.testng.SuiteRunner.runTest(SuiteRunner.java:384)
at org.testng.SuiteRunner.runSequentially(SuiteRunner.java:378)
at org.testng.SuiteRunner.privateRun(SuiteRunner.java:337)
at org.testng.SuiteRunner.run(SuiteRunner.java:286)
at org.testng.SuiteRunnerWorker.runSuite(SuiteRunnerWorker.java:53)
at org.testng.SuiteRunnerWorker.run(SuiteRunnerWorker.java:96)
at org.testng.TestNG.runSuitesSequentially(TestNG.java:1218)
at org.testng.TestNG.runSuitesLocally(TestNG.java:1140)
at org.testng.TestNG.runSuites(TestNG.java:1069)
at org.testng.TestNG.run(TestNG.java:1037)
at org.testng.remote.AbstractRemoteTestNG.run(AbstractRemoteTestNG.java:115)
at org.testng.remote.RemoteTestNG.initAndRun(RemoteTestNG.java:251)
at org.testng.remote.RemoteTestNG.main(RemoteTestNG.java:77)
]]>
    </failure>
  </testcase> <!-- testChangeEnvironment -->
  <system-out/>
  <testcase classname="com.testbook.mobile.tests.login.TestBookMobileLoginTest" name="testLoginWithValidNumber" time="33.371"/>
  <system-out/>
  <testcase classname="com.testbook.mobile.tests.login.TestBookMobileLoginTest" name="testVerifyOTP" time="52.412">
    <failure message="Exception occured while testing Verify OTP : An element could not be located on the page using the given search parameters.
For documentation on this error, please visit: https://www.seleniumhq.org/exceptions/no_such_element.html
Build info: version: &#039;3.141.59&#039;, revision: &#039;e82be7d358&#039;, time: &#039;2018-11-14T08:17:03&#039;
System info: host: &#039;MacBook-Pro-3.local&#039;, ip: &#039;fe80:0:0:0:cfa:10ef:7680:2599%en0&#039;, os.name: &#039;Mac OS X&#039;, os.arch: &#039;aarch64&#039;, os.version: &#039;12.7&#039;, java.version: &#039;17.0.2&#039;
Driver info: io.appium.java_client.AppiumDriver
Capabilities {appActivity: co.classplus.app.ui.common...., appPackage: co.classplus.app.test, autoAcceptAlerts: true, autoGrantPermissions: true, clientApiKey: 6746f86b-0d3b-4746-a042-5e9..., databaseEnabled: false, desired: {appActivity: co.classplus.app.ui.common...., appPackage: co.classplus.app.test, autoAcceptAlerts: true, autoGrantPermissions: true, clientApiKey: 6746f86b-0d3b-4746-a042-5e9..., deviceName: Galaxy, ignoreHiddenApiPolicyError: true, newCommandTimeout: 15000, platformName: android, platformVersion: 13, udid: RZ8W804C6ZR}, deviceApiLevel: 33, deviceManufacturer: samsung, deviceModel: SM-M135FU, deviceName: RZ8W804C6ZR, deviceScreenDensity: 450, deviceScreenSize: 1080x2408, deviceUDID: RZ8W804C6ZR, ignoreHiddenApiPolicyError: true, javascriptEnabled: true, locationContextEnabled: false, networkConnectionEnabled: true, newCommandTimeout: 15000, pixelRatio: 2.8125, platform: LINUX, platformName: Android, platformVersion: 13, statBarHeight: 66, takesScreenshot: true, udid: RZ8W804C6ZR, viewportRect: {height: 2141, left: 0, top: 66, width: 1080}, warnings: {}, webStorageEnabled: false}
Session ID: ad94828f-13ad-4c17-a58b-18208f2f27e4
*** Element info: {Using=xpath, value=//android.widget.TextView[@text = &#039;Classplus&#039;]}" type="java.lang.AssertionError">
      <![CDATA[java.lang.AssertionError: Exception occured while testing Verify OTP : An element could not be located on the page using the given search parameters.
For documentation on this error, please visit: https://www.seleniumhq.org/exceptions/no_such_element.html
Build info: version: '3.141.59', revision: 'e82be7d358', time: '2018-11-14T08:17:03'
System info: host: 'MacBook-Pro-3.local', ip: 'fe80:0:0:0:cfa:10ef:7680:2599%en0', os.name: 'Mac OS X', os.arch: 'aarch64', os.version: '12.7', java.version: '17.0.2'
Driver info: io.appium.java_client.AppiumDriver
Capabilities {appActivity: co.classplus.app.ui.common...., appPackage: co.classplus.app.test, autoAcceptAlerts: true, autoGrantPermissions: true, clientApiKey: 6746f86b-0d3b-4746-a042-5e9..., databaseEnabled: false, desired: {appActivity: co.classplus.app.ui.common...., appPackage: co.classplus.app.test, autoAcceptAlerts: true, autoGrantPermissions: true, clientApiKey: 6746f86b-0d3b-4746-a042-5e9..., deviceName: Galaxy, ignoreHiddenApiPolicyError: true, newCommandTimeout: 15000, platformName: android, platformVersion: 13, udid: RZ8W804C6ZR}, deviceApiLevel: 33, deviceManufacturer: samsung, deviceModel: SM-M135FU, deviceName: RZ8W804C6ZR, deviceScreenDensity: 450, deviceScreenSize: 1080x2408, deviceUDID: RZ8W804C6ZR, ignoreHiddenApiPolicyError: true, javascriptEnabled: true, locationContextEnabled: false, networkConnectionEnabled: true, newCommandTimeout: 15000, pixelRatio: 2.8125, platform: LINUX, platformName: Android, platformVersion: 13, statBarHeight: 66, takesScreenshot: true, udid: RZ8W804C6ZR, viewportRect: {height: 2141, left: 0, top: 66, width: 1080}, warnings: {}, webStorageEnabled: false}
Session ID: ad94828f-13ad-4c17-a58b-18208f2f27e4
*** Element info: {Using=xpath, value=//android.widget.TextView[@text = 'Classplus']}
at org.testng.Assert.fail(Assert.java:99)
at com.testbook.mobile.tests.login.TestBookMobileLoginTest.testVerifyOTP(TestBookMobileLoginTest.java:123)
at java.base/jdk.internal.reflect.NativeMethodAccessorImpl.invoke0(Native Method)
at java.base/jdk.internal.reflect.NativeMethodAccessorImpl.invoke(NativeMethodAccessorImpl.java:77)
at java.base/jdk.internal.reflect.DelegatingMethodAccessorImpl.invoke(DelegatingMethodAccessorImpl.java:43)
at java.base/java.lang.reflect.Method.invoke(Method.java:568)
at org.testng.internal.MethodInvocationHelper.invokeMethod(MethodInvocationHelper.java:132)
at org.testng.internal.TestInvoker.invokeMethod(TestInvoker.java:599)
at org.testng.internal.TestInvoker.invokeTestMethod(TestInvoker.java:174)
at org.testng.internal.MethodRunner.runInSequence(MethodRunner.java:46)
at org.testng.internal.TestInvoker$MethodInvocationAgent.invoke(TestInvoker.java:822)
at org.testng.internal.TestInvoker.invokeTestMethods(TestInvoker.java:147)
at org.testng.internal.TestMethodWorker.invokeTestMethods(TestMethodWorker.java:146)
at org.testng.internal.TestMethodWorker.run(TestMethodWorker.java:128)
at java.base/java.util.ArrayList.forEach(ArrayList.java:1511)
at org.testng.TestRunner.privateRun(TestRunner.java:764)
at org.testng.TestRunner.run(TestRunner.java:585)
at org.testng.SuiteRunner.runTest(SuiteRunner.java:384)
at org.testng.SuiteRunner.runSequentially(SuiteRunner.java:378)
at org.testng.SuiteRunner.privateRun(SuiteRunner.java:337)
at org.testng.SuiteRunner.run(SuiteRunner.java:286)
at org.testng.SuiteRunnerWorker.runSuite(SuiteRunnerWorker.java:53)
at org.testng.SuiteRunnerWorker.run(SuiteRunnerWorker.java:96)
at org.testng.TestNG.runSuitesSequentially(TestNG.java:1218)
at org.testng.TestNG.runSuitesLocally(TestNG.java:1140)
at org.testng.TestNG.runSuites(TestNG.java:1069)
at org.testng.TestNG.run(TestNG.java:1037)
at org.testng.remote.AbstractRemoteTestNG.run(AbstractRemoteTestNG.java:115)
at org.testng.remote.RemoteTestNG.initAndRun(RemoteTestNG.java:251)
at org.testng.remote.RemoteTestNG.main(RemoteTestNG.java:77)
]]>
    </failure>
  </testcase> <!-- testVerifyOTP -->
  <system-out/>
</testsuite> <!-- com.testbook.mobile.tests.login.TestBookMobileLoginTest -->
